[debug] [2021-03-10T00:42:02.669Z] ----------------------------------------------------------------------
[debug] [2021-03-10T00:42:02.671Z] Command:       /usr/local/bin/node /usr/local/bin/firebase init hosting:github
[debug] [2021-03-10T00:42:02.672Z] CLI Version:   9.5.0
[debug] [2021-03-10T00:42:02.672Z] Platform:      darwin
[debug] [2021-03-10T00:42:02.672Z] Node Version:  v14.15.3
[debug] [2021-03-10T00:42:02.680Z] Time:          Tue Mar 09 2021 19:42:02 GMT-0500 (Eastern Standard Time)
[debug] [2021-03-10T00:42:02.680Z] ----------------------------------------------------------------------
[debug] [2021-03-10T00:42:02.680Z] 
[debug] [2021-03-10T00:42:02.686Z] > command requires scopes: ["email","openid","https://www.googleapis.com/auth/cloudplatformprojects.readonly","https://www.googleapis.com/auth/firebase","https://www.googleapis.com/auth/cloud-platform"]
[debug] [2021-03-10T00:42:02.686Z] > authorizing via signed-in user
[info] 
     ######## #### ########  ######## ########     ###     ######  ########
     ##        ##  ##     ## ##       ##     ##  ##   ##  ##       ##
     ######    ##  ########  ######   ########  #########  ######  ######
     ##        ##  ##    ##  ##       ##     ## ##     ##       ## ##
     ##       #### ##     ## ######## ########  ##     ##  ######  ########

You're about to initialize a Firebase project in this directory:

  /Users/donovanbrown/Desktop/final health e bound/health-e-bound

[info] 
=== Project Setup
[info] 
[info] First, let's associate this project directory with a Firebase project.
[info] You can create multiple project aliases by running firebase use --add, 
[info] but for now we'll just set up a default project.
[info] 
[debug] [2021-03-10T00:42:05.501Z] >>> [apiv2][query] GET https://firebase.googleapis.com/v1beta1/projects pageSize=100
[debug] [2021-03-10T00:42:06.209Z] <<< [apiv2][status] GET https://firebase.googleapis.com/v1beta1/projects 200
[debug] [2021-03-10T00:42:06.210Z] <<< [apiv2][body] GET https://firebase.googleapis.com/v1beta1/projects [omitted]
[info] i  Using project health-e-bound-iykaum (Health-e-Bound) 
[info] 
=== Hosting:github Setup
[info] 
[info] i  Didn't detect a .git folder. Assuming /Users/donovanbrown/Desktop/final health e bound/health-e-bound is the project root. 
[info] i  Authorizing with GitHub to upload your service account to a GitHub repository's secrets store. 
[info] 
[info] Visit this URL on this device to log in:
[info] https://github.com/login/oauth/authorize?client_id=89cf50f02ac6aaed3484&state=784899031&redirect_uri=http%3A%2F%2Flocalhost%3A9005&scope=read%3Auser%20repo%20public_repo
[info] 
[info] Waiting for authentication...
[debug] [2021-03-10T00:42:08.436Z] >>> HTTP REQUEST POST https://github.com/login/oauth/access_token  
 {"client_id":"89cf50f02ac6aaed3484","client_secret":"3330d14abc895d9a74d5f17cd7a00711fa2c5bf0","code":"0732538f0d191fbb1cf5","redirect_uri":"http://localhost:9005","state":"784899031"}
[debug] [2021-03-10T00:42:08.749Z] <<< HTTP RESPONSE 200 {"server":"GitHub.com","date":"Wed, 10 Mar 2021 00:42:08 GMT","content-type":"application/json; charset=utf-8","transfer-encoding":"chunked","vary":"X-PJAX, Accept-Encoding, Accept, X-Requested-With","etag":"W/\"14bd64ef29f5d25a2069b85cdd5c01e5\"","cache-control":"max-age=0, private, must-revalidate","strict-transport-security":"max-age=31536000; includeSubdomains; preload","x-frame-options":"deny","x-content-type-options":"nosniff","x-xss-protection":"1; mode=block","referrer-policy":"origin-when-cross-origin, strict-origin-when-cross-origin","expect-ct":"max-age=2592000, report-uri=\"https://api.github.com/_private/browser/errors\"","content-security-policy":"default-src 'none'; base-uri 'self'; block-all-mixed-content; connect-src 'self' uploads.github.com www.githubstatus.com collector.githubapp.com api.github.com github-cloud.s3.amazonaws.com github-production-repository-file-5c1aeb.s3.amazonaws.com github-production-upload-manifest-file-7fdce7.s3.amazonaws.com github-production-user-asset-6210df.s3.amazonaws.com cdn.optimizely.com logx.optimizely.com/v1/events wss://alive.github.com; font-src github.githubassets.com; form-action 'self' github.com gist.github.com; frame-ancestors 'none'; frame-src render.githubusercontent.com; img-src 'self' data: github.githubassets.com identicons.github.com collector.githubapp.com github-cloud.s3.amazonaws.com secured-user-images.githubusercontent.com/ *.githubusercontent.com; manifest-src 'self'; media-src 'none'; script-src github.githubassets.com; style-src 'unsafe-inline' github.githubassets.com; worker-src github.com/socket-worker-6832eced.js gist.github.com/socket-worker-6832eced.js","x-github-request-id":"C20D:3E78:D2923C:1AB316D:604815E0"}
[debug] [2021-03-10T00:42:08.755Z] >>> [apiv2][query] GET https://api.github.com/user [none]
[debug] [2021-03-10T00:42:09.026Z] <<< [apiv2][status] GET https://api.github.com/user 200
[debug] [2021-03-10T00:42:09.026Z] <<< [apiv2][body] GET https://api.github.com/user {"login":"DCbrown","id":6256720,"node_id":"MDQ6VXNlcjYyNTY3MjA=","avatar_url":"https://avatars.githubusercontent.com/u/6256720?v=4","gravatar_id":"","url":"https://api.github.com/users/DCbrown","html_url":"https://github.com/DCbrown","followers_url":"https://api.github.com/users/DCbrown/followers","following_url":"https://api.github.com/users/DCbrown/following{/other_user}","gists_url":"https://api.github.com/users/DCbrown/gists{/gist_id}","starred_url":"https://api.github.com/users/DCbrown/starred{/owner}{/repo}","subscriptions_url":"https://api.github.com/users/DCbrown/subscriptions","organizations_url":"https://api.github.com/users/DCbrown/orgs","repos_url":"https://api.github.com/users/DCbrown/repos","events_url":"https://api.github.com/users/DCbrown/events{/privacy}","received_events_url":"https://api.github.com/users/DCbrown/received_events","type":"User","site_admin":false,"name":"Donovan Brown","company":"Detroit Labs","blog":"https://cv.browncdonovan.com/","location":"Greater Detroit Area","email":null,"hireable":true,"bio":"Developer and Technology Instructor","twitter_username":null,"public_repos":90,"public_gists":0,"followers":56,"following":55,"created_at":"2013-12-25T01:28:54Z","updated_at":"2021-03-10T00:41:40Z","private_gists":0,"total_private_repos":18,"owned_private_repos":18,"disk_usage":134267,"collaborators":4,"two_factor_authentication":false,"plan":{"name":"pro","space":976562499,"collaborators":0,"private_repos":9999}}
[info] 
[info] ✔  Success! Logged into GitHub as DCbrown 
[info] 
